2014/11/26 05:18:26 [error] [php] Undefined variable: model (C:\wamp\www\DW\hito2\app_hito2\protected\views\persona\view.php:7)
Stack trace:
#0 C:\wamp\www\DW\hito2\yii-framework\framework\web\CController.php(869): PersonaController->renderFile()
#1 C:\wamp\www\DW\hito2\yii-framework\framework\web\CController.php(782): PersonaController->renderPartial()
#2 C:\wamp\www\DW\hito2\app_hito2\protected\controllers\PersonaController.php(74): PersonaController->render()
#3 C:\wamp\www\DW\hito2\yii-framework\framework\web\actions\CInlineAction.php(49): PersonaController->actionCreate()
#4 C:\wamp\www\DW\hito2\yii-framework\framework\web\CController.php(308): CInlineAction->runWithParams()
#5 C:\wamp\www\DW\hito2\yii-framework\framework\web\filters\CFilterChain.php(133): PersonaController->runAction()
#6 C:\wamp\www\DW\hito2\yii-framework\framework\web\filters\CFilter.php(40): CFilterChain->run()
#7 C:\wamp\www\DW\hito2\yii-framework\framework\web\CController.php(1145): CAccessControlFilter->filter()
#8 C:\wamp\www\DW\hito2\yii-framework\framework\web\filters\CInlineFilter.php(58): PersonaController->filterAccessControl()
#9 C:\wamp\www\DW\hito2\yii-framework\framework\web\filters\CFilterChain.php(130): CInlineFilter->filter()
#10 C:\wamp\www\DW\hito2\yii-framework\framework\web\CController.php(291): CFilterChain->run()
#11 C:\wamp\www\DW\hito2\yii-framework\framework\web\CController.php(265): PersonaController->runActionWithFilters()
#12 C:\wamp\www\DW\hito2\yii-framework\framework\web\CWebApplication.php(282): PersonaController->run()
#13 C:\wamp\www\DW\hito2\yii-framework\framework\web\CWebApplication.php(141): CWebApplication->runController()
#14 C:\wamp\www\DW\hito2\yii-framework\framework\base\CApplication.php(180): CWebApplication->processRequest()
#15 C:\wamp\www\DW\hito2\app_hito2\index.php(13): CWebApplication->run()
REQUEST_URI=/DW/hito2/app_hito2/index.php?r=persona/create
in C:\wamp\www\DW\hito2\app_hito2\protected\views\persona\view.php (7)
in C:\wamp\www\DW\hito2\app_hito2\protected\controllers\PersonaController.php (74)
in C:\wamp\www\DW\hito2\app_hito2\index.php (13)
2014/11/26 06:06:05 [error] [exception.CHttpException.400] exception 'CHttpException' with message 'Your request is invalid.' in C:\wamp\www\DW\hito2\yii-framework\framework\web\CController.php:1118
Stack trace:
#0 C:\wamp\www\DW\hito2\yii-framework\framework\web\filters\CInlineFilter.php(58): CController->filterPostOnly(Object(CFilterChain))
#1 C:\wamp\www\DW\hito2\yii-framework\framework\web\filters\CFilterChain.php(130): CInlineFilter->filter(Object(CFilterChain))
#2 C:\wamp\www\DW\hito2\yii-framework\framework\web\filters\CFilter.php(40): CFilterChain->run()
#3 C:\wamp\www\DW\hito2\yii-framework\framework\web\CController.php(1145): CFilter->filter(Object(CFilterChain))
#4 C:\wamp\www\DW\hito2\yii-framework\framework\web\filters\CInlineFilter.php(58): CController->filterAccessControl(Object(CFilterChain))
#5 C:\wamp\www\DW\hito2\yii-framework\framework\web\filters\CFilterChain.php(130): CInlineFilter->filter(Object(CFilterChain))
#6 C:\wamp\www\DW\hito2\yii-framework\framework\web\CController.php(291): CFilterChain->run()
#7 C:\wamp\www\DW\hito2\yii-framework\framework\web\CController.php(265): CController->runActionWithFilters(Object(CInlineAction), Array)
#8 C:\wamp\www\DW\hito2\yii-framework\framework\web\CWebApplication.php(282): CController->run('delete')
#9 C:\wamp\www\DW\hito2\yii-framework\framework\web\CWebApplication.php(141): CWebApplication->runController('persona/delete')
#10 C:\wamp\www\DW\hito2\yii-framework\framework\base\CApplication.php(180): CWebApplication->processRequest()
#11 C:\wamp\www\DW\hito2\app_hito2\index.php(13): CApplication->run()
#12 {main}
REQUEST_URI=/DW/hito2/app_hito2/index.php?r=persona/delete&id=3
HTTP_REFERER=http://localhost/DW/hito2/app_hito2/index.php?r=persona/admin
---
2014/11/26 06:06:14 [error] [exception.CHttpException.400] exception 'CHttpException' with message 'Your request is invalid.' in C:\wamp\www\DW\hito2\yii-framework\framework\web\CController.php:1118
Stack trace:
#0 C:\wamp\www\DW\hito2\yii-framework\framework\web\filters\CInlineFilter.php(58): CController->filterPostOnly(Object(CFilterChain))
#1 C:\wamp\www\DW\hito2\yii-framework\framework\web\filters\CFilterChain.php(130): CInlineFilter->filter(Object(CFilterChain))
#2 C:\wamp\www\DW\hito2\yii-framework\framework\web\filters\CFilter.php(40): CFilterChain->run()
#3 C:\wamp\www\DW\hito2\yii-framework\framework\web\CController.php(1145): CFilter->filter(Object(CFilterChain))
#4 C:\wamp\www\DW\hito2\yii-framework\framework\web\filters\CInlineFilter.php(58): CController->filterAccessControl(Object(CFilterChain))
#5 C:\wamp\www\DW\hito2\yii-framework\framework\web\filters\CFilterChain.php(130): CInlineFilter->filter(Object(CFilterChain))
#6 C:\wamp\www\DW\hito2\yii-framework\framework\web\CController.php(291): CFilterChain->run()
#7 C:\wamp\www\DW\hito2\yii-framework\framework\web\CController.php(265): CController->runActionWithFilters(Object(CInlineAction), Array)
#8 C:\wamp\www\DW\hito2\yii-framework\framework\web\CWebApplication.php(282): CController->run('delete')
#9 C:\wamp\www\DW\hito2\yii-framework\framework\web\CWebApplication.php(141): CWebApplication->runController('persona/delete')
#10 C:\wamp\www\DW\hito2\yii-framework\framework\base\CApplication.php(180): CWebApplication->processRequest()
#11 C:\wamp\www\DW\hito2\app_hito2\index.php(13): CApplication->run()
#12 {main}
REQUEST_URI=/DW/hito2/app_hito2/index.php?r=persona/delete&id=8
HTTP_REFERER=http://localhost/DW/hito2/app_hito2/index.php?r=persona/admin
---
2014/11/26 06:07:07 [error] [exception.CHttpException.400] exception 'CHttpException' with message 'Your request is invalid.' in C:\wamp\www\DW\hito2\yii-framework\framework\web\CController.php:1118
Stack trace:
#0 C:\wamp\www\DW\hito2\yii-framework\framework\web\filters\CInlineFilter.php(58): CController->filterPostOnly(Object(CFilterChain))
#1 C:\wamp\www\DW\hito2\yii-framework\framework\web\filters\CFilterChain.php(130): CInlineFilter->filter(Object(CFilterChain))
#2 C:\wamp\www\DW\hito2\yii-framework\framework\web\filters\CFilter.php(40): CFilterChain->run()
#3 C:\wamp\www\DW\hito2\yii-framework\framework\web\CController.php(1145): CFilter->filter(Object(CFilterChain))
#4 C:\wamp\www\DW\hito2\yii-framework\framework\web\filters\CInlineFilter.php(58): CController->filterAccessControl(Object(CFilterChain))
#5 C:\wamp\www\DW\hito2\yii-framework\framework\web\filters\CFilterChain.php(130): CInlineFilter->filter(Object(CFilterChain))
#6 C:\wamp\www\DW\hito2\yii-framework\framework\web\CController.php(291): CFilterChain->run()
#7 C:\wamp\www\DW\hito2\yii-framework\framework\web\CController.php(265): CController->runActionWithFilters(Object(CInlineAction), Array)
#8 C:\wamp\www\DW\hito2\yii-framework\framework\web\CWebApplication.php(282): CController->run('delete')
#9 C:\wamp\www\DW\hito2\yii-framework\framework\web\CWebApplication.php(141): CWebApplication->runController('persona/delete')
#10 C:\wamp\www\DW\hito2\yii-framework\framework\base\CApplication.php(180): CWebApplication->processRequest()
#11 C:\wamp\www\DW\hito2\app_hito2\index.php(13): CApplication->run()
#12 {main}
REQUEST_URI=/DW/hito2/app_hito2/index.php?r=persona/delete&id=3
HTTP_REFERER=http://localhost/DW/hito2/app_hito2/index.php?r=persona/admin
---
2014/11/26 06:17:22 [error] [exception.CDbException] exception 'CDbException' with message 'CDbConnection failed to open the DB connection: SQLSTATE[HY000] [2002] Can't connect to local MySQL server through socket '/var/run/mysqld/mysqld.sock' (2)' in /home/ubuntu/workspace/yii-framework/framework/db/CDbConnection.php:382
Stack trace:
#0 /home/ubuntu/workspace/yii-framework/framework/db/CDbConnection.php(330): CDbConnection->open()
#1 /home/ubuntu/workspace/yii-framework/framework/db/CDbConnection.php(308): CDbConnection->setActive(true)
#2 /home/ubuntu/workspace/yii-framework/framework/base/CModule.php(387): CDbConnection->init()
#3 /home/ubuntu/workspace/yii-framework/framework/base/CApplication.php(450): CModule->getComponent('db')
#4 /home/ubuntu/workspace/yii-framework/framework/db/ar/CActiveRecord.php(634): CApplication->getDb()
#5 /home/ubuntu/workspace/yii-framework/framework/db/ar/CActiveRecord.php(667): CActiveRecord->getDbConnection()
#6 /home/ubuntu/workspace/yii-framework/framework/db/ar/CActiveRecord.php(1595): CActiveRecord->getCommandBuilder()
#7 /home/ubuntu/workspace/yii-framework/framework/web/CActiveDataProvider.php(228): CActiveRecord->count(Object(CDbCriteria))
#8 /home/ubuntu/workspace/yii-framework/framework/web/CDataProvider.php(224): CActiveDataProvider->calculateTotalItemCount()
#9 /home/ubuntu/workspace/yii-framework/framework/web/CActiveDataProvider.php(178): CDataProvider->getTotalItemCount()
#10 /home/ubuntu/workspace/yii-framework/framework/web/CDataProvider.php(168): CActiveDataProvider->fetchData()
#11 /home/ubuntu/workspace/yii-framework/framework/zii/widgets/CBaseListView.php(111): CDataProvider->getData()
#12 /home/ubuntu/workspace/yii-framework/framework/zii/widgets/CListView.php(211): CBaseListView->init()
#13 /home/ubuntu/workspace/yii-framework/framework/web/CBaseController.php(147): CListView->init()
#14 /home/ubuntu/workspace/yii-framework/framework/web/CBaseController.php(172): CBaseController->createWidget('zii.widgets.CLi...', Array)
#15 /home/ubuntu/workspace/app_hito2/protected/views/persona/index.php(20): CBaseController->widget('zii.widgets.CLi...', Array)
#16 /home/ubuntu/workspace/yii-framework/framework/web/CBaseController.php(126): require('/home/ubuntu/wo...')
#17 /home/ubuntu/workspace/yii-framework/framework/web/CBaseController.php(95): CBaseController->renderInternal('/home/ubuntu/wo...', Array, true)
#18 /home/ubuntu/workspace/yii-framework/framework/web/CController.php(869): CBaseController->renderFile('/home/ubuntu/wo...', Array, true)
#19 /home/ubuntu/workspace/yii-framework/framework/web/CController.php(782): CController->renderPartial('index', Array, true)
#20 /home/ubuntu/workspace/app_hito2/protected/controllers/PersonaController.php(131): CController->render('index', Array)
#21 /home/ubuntu/workspace/yii-framework/framework/web/actions/CInlineAction.php(49): PersonaController->actionIndex()
#22 /home/ubuntu/workspace/yii-framework/framework/web/CController.php(308): CInlineAction->runWithParams(Array)
#23 /home/ubuntu/workspace/yii-framework/framework/web/filters/CFilterChain.php(133): CController->runAction(Object(CInlineAction))
#24 /home/ubuntu/workspace/yii-framework/framework/web/filters/CFilter.php(40): CFilterChain->run()
#25 /home/ubuntu/workspace/yii-framework/framework/web/CController.php(1145): CFilter->filter(Object(CFilterChain))
#26 /home/ubuntu/workspace/yii-framework/framework/web/filters/CInlineFilter.php(58): CController->filterAccessControl(Object(CFilterChain))
#27 /home/ubuntu/workspace/yii-framework/framework/web/filters/CFilterChain.php(130): CInlineFilter->filter(Object(CFilterChain))
#28 /home/ubuntu/workspace/yii-framework/framework/web/CController.php(291): CFilterChain->run()
#29 /home/ubuntu/workspace/yii-framework/framework/web/CController.php(265): CController->runActionWithFilters(Object(CInlineAction), Array)
#30 /home/ubuntu/workspace/yii-framework/framework/web/CWebApplication.php(282): CController->run('index')
#31 /home/ubuntu/workspace/yii-framework/framework/web/CWebApplication.php(141): CWebApplication->runController('persona/index')
#32 /home/ubuntu/workspace/yii-framework/framework/base/CApplication.php(180): CWebApplication->processRequest()
#33 /home/ubuntu/workspace/app_hito2/index.php(13): CApplication->run()
#34 {main}
REQUEST_URI=/app_hito2/index.php?r=persona/index
HTTP_REFERER=https://testyiic9-elrodox.c9.io/app_hito2/
---
2014/11/26 06:32:58 [error] [exception.CHttpException.400] exception 'CHttpException' with message 'Your request is invalid.' in /home/ubuntu/workspace/yii-framework/framework/web/CController.php:1118
Stack trace:
#0 /home/ubuntu/workspace/yii-framework/framework/web/filters/CInlineFilter.php(58): CController->filterPostOnly(Object(CFilterChain))
#1 /home/ubuntu/workspace/yii-framework/framework/web/filters/CFilterChain.php(130): CInlineFilter->filter(Object(CFilterChain))
#2 /home/ubuntu/workspace/yii-framework/framework/web/filters/CFilter.php(40): CFilterChain->run()
#3 /home/ubuntu/workspace/yii-framework/framework/web/CController.php(1145): CFilter->filter(Object(CFilterChain))
#4 /home/ubuntu/workspace/yii-framework/framework/web/filters/CInlineFilter.php(58): CController->filterAccessControl(Object(CFilterChain))
#5 /home/ubuntu/workspace/yii-framework/framework/web/filters/CFilterChain.php(130): CInlineFilter->filter(Object(CFilterChain))
#6 /home/ubuntu/workspace/yii-framework/framework/web/CController.php(291): CFilterChain->run()
#7 /home/ubuntu/workspace/yii-framework/framework/web/CController.php(265): CController->runActionWithFilters(Object(CInlineAction), Array)
#8 /home/ubuntu/workspace/yii-framework/framework/web/CWebApplication.php(282): CController->run('delete')
#9 /home/ubuntu/workspace/yii-framework/framework/web/CWebApplication.php(141): CWebApplication->runController('persona/delete')
#10 /home/ubuntu/workspace/yii-framework/framework/base/CApplication.php(180): CWebApplication->processRequest()
#11 /home/ubuntu/workspace/app_hito2/index.php(13): CApplication->run()
#12 {main}
REQUEST_URI=/app_hito2/index.php?r=persona/delete&id=34
HTTP_REFERER=https://testyiic9-elrodox.c9.io/app_hito2/index.php?r=persona/admin
---
